<?xml version="1.0" encoding="UTF-8"?>
<testsuite name="com.testDemo.maintester.TestIMDB_ShouldSeeDirectorNameTest" tests="1" skipped="0" failures="0" errors="0" timestamp="2020-10-21T07:42:31" hostname="LIMW0144" time="26.129">
  <properties/>
  <testcase name="user_Should_See_The_Director_Name_Test" classname="com.testDemo.maintester.TestIMDB_ShouldSeeDirectorNameTest" time="26.129"/>
  <system-out><![CDATA[15:42:31.552 [Test worker] DEBUG net.thucydides.core.steps.StepEventBus - Test suite started for class com.testDemo.maintester.TestIMDB_ShouldSeeDirectorNameTest
15:42:31.573 [Test worker] INFO  - Test Suite Started: Test IMDB should see director name test
15:42:31.624 [Test worker] INFO  - 
 _____ _____ ____ _____   ____ _____  _    ____ _____ _____ ____  
|_   _| ____/ ___|_   _| / ___|_   _|/ \  |  _ \_   _| ____|  _ \ 
  | | |  _| \___ \ | |   \___ \ | | / _ \ | |_) || | |  _| | | | |
  | | | |___ ___) || |    ___) || |/ ___ \|  _ < | | | |___| |_| |
  |_| |_____|____/ |_|   |____/ |_/_/   \_\_| \_\|_| |_____|____/ 

user_Should_See_The_Director_Name_Test
-------------------------------------------------------------------
15:42:32.802 [Test worker] DEBUG net.thucydides.core.steps.StepInterceptor - STARTING STEP: TestIMDB_ShouldSeeDirectorNameTest.lambda$user_Should_See_The_Director_Name_Test$0 - performAs
15:42:32.820 [Test worker] DEBUG net.thucydides.core.steps.StepInterceptor - STARTING STEP: NavigateToWebPage.performAs - {0} opens the #url
15:42:32.880 [Test worker] INFO net.serenitybdd.core.webdriver.driverproviders.ChromeDriverProvider - Not using automatically driver download
15:42:33.706 [Test worker] INFO net.serenitybdd.core.webdriver.driverproviders.ProvideNewDriver - Instantiating driver
15:42:33.706 [Test worker] INFO net.serenitybdd.core.webdriver.driverproviders.ProvideNewDriver - Driver capabilities: Capabilities {acceptInsecureCerts: false, acceptSslCerts: true, browserName: chrome, chrome.switches: --window-size=1920,1080;--t..., goog:chromeOptions: {args: [--window-size=1920,1080, --test-type, --no-sandbox, --ignore-certificate-errors..., --disable-popup-blocking, --disable-default-apps, --disable-extensions-file-a..., --disable-infobars, --disable-gpu, --headless], extensions: []}, handlesAlerts: true, loggingPrefs: org.openqa.selenium.logging...}
15:42:43.124 [Test worker] DEBUG net.serenitybdd.core.photography.Darkroom - Opening darkroom
15:42:43.125 [Darkroom Processing Line] DEBUG net.serenitybdd.core.photography.DarkroomProcessingLine - Darkroom processing line starting up
15:42:44.435 [Test worker] DEBUG net.serenitybdd.core.photography.Darkroom - Send negative for processing for target\site\serenity\c3f78454706503901d07d223f18ba52888545ba3209b65f8b86e58ec52ff4f5b.png
15:42:44.435 [Darkroom Processing Line] DEBUG net.serenitybdd.core.photography.DarkroomProcessingLine - Processing screenshot image in /var/screenshots/screenshot-3211662532034746031
15:42:44.436 [Darkroom Processing Line] DEBUG net.serenitybdd.core.photography.DarkroomProcessingLine - Saving screenshot to target\site\serenity\c3f78454706503901d07d223f18ba52888545ba3209b65f8b86e58ec52ff4f5b.png
15:42:44.438 [Test worker] DEBUG net.thucydides.core.steps.StepInterceptor - STEP DONE: {0} opens the #url
15:42:44.462 [Test worker] DEBUG net.thucydides.core.steps.StepInterceptor - STEP DONE: performAs
15:42:45.407 [Test worker] DEBUG net.serenitybdd.core.photography.Darkroom - Send negative for processing for target\site\serenity\c3f78454706503901d07d223f18ba52888545ba3209b65f8b86e58ec52ff4f5b.png
15:42:45.408 [Test worker] DEBUG net.thucydides.core.steps.StepInterceptor - STARTING STEP: TestIMDB_ShouldSeeDirectorNameTest.lambda$user_Should_See_The_Director_Name_Test$0 - performAs
15:42:45.439 [Test worker] DEBUG net.thucydides.core.steps.StepInterceptor - STARTING STEP: SearchForMovieName.performAs - performAs
15:42:46.339 [Test worker] DEBUG net.serenitybdd.core.photography.Darkroom - Send negative for processing for target\site\serenity\c3f78454706503901d07d223f18ba52888545ba3209b65f8b86e58ec52ff4f5b.png
15:42:46.341 [Test worker] DEBUG net.thucydides.core.steps.StepInterceptor - STARTING STEP: TypeIntoTextBox.performAs - {0} enters #theTextAsAString into #target
15:42:46.342 [Test worker] DEBUG net.serenitybdd.screenplay.targets.IFrameSwitcher - default content already selected for Search Box
15:42:47.975 [Test worker] DEBUG net.serenitybdd.core.photography.Darkroom - Send negative for processing for target\site\serenity\2bf84460f1320222029eb2d2d204b798a8bc1380a8b4fc42022f0995d0b2573c.png
15:42:47.975 [Darkroom Processing Line] DEBUG net.serenitybdd.core.photography.DarkroomProcessingLine - Processing screenshot image in /var/screenshots/screenshot-18166535497328150499
15:42:47.975 [Darkroom Processing Line] DEBUG net.serenitybdd.core.photography.DarkroomProcessingLine - Saving screenshot to target\site\serenity\2bf84460f1320222029eb2d2d204b798a8bc1380a8b4fc42022f0995d0b2573c.png
15:42:47.975 [Test worker] DEBUG net.thucydides.core.steps.StepInterceptor - STEP DONE: {0} enters #theTextAsAString into #target
15:42:47.992 [Test worker] DEBUG net.thucydides.core.steps.StepInterceptor - STEP DONE: performAs
15:42:48.010 [Test worker] DEBUG net.thucydides.core.steps.StepInterceptor - STARTING STEP: SearchForMovieName.performAs - performAs
15:42:48.011 [Test worker] DEBUG net.serenitybdd.screenplay.targets.IFrameSwitcher - default content already selected for Movie Catalog
15:42:48.849 [Test worker] DEBUG net.serenitybdd.core.photography.Darkroom - Send negative for processing for target\site\serenity\cf6b3cd0fbb6e9aae3a77812d3c135fa9ce6503eb30955cd1b3cb9c88c0c0cb2.png
15:42:48.850 [Darkroom Processing Line] DEBUG net.serenitybdd.core.photography.DarkroomProcessingLine - Processing screenshot image in /var/screenshots/screenshot-5446122369827404527
15:42:48.850 [Darkroom Processing Line] DEBUG net.serenitybdd.core.photography.DarkroomProcessingLine - Saving screenshot to target\site\serenity\cf6b3cd0fbb6e9aae3a77812d3c135fa9ce6503eb30955cd1b3cb9c88c0c0cb2.png
15:42:48.851 [Test worker] DEBUG net.thucydides.core.steps.StepInterceptor - STARTING STEP: FromListDropDown.performAs - {0} clicks on #target
15:42:48.852 [Test worker] DEBUG net.serenitybdd.screenplay.targets.IFrameSwitcher - default content already selected for Movie Catalog
15:42:54.997 [Test worker] DEBUG net.serenitybdd.core.photography.Darkroom - Send negative for processing for target\site\serenity\4d83be2f9355118dc462dad05676888959504b48c96dc83c03aabe04c263d904.png
15:42:54.997 [Test worker] DEBUG net.thucydides.core.steps.StepInterceptor - STEP DONE: {0} clicks on #target
15:42:54.997 [Darkroom Processing Line] DEBUG net.serenitybdd.core.photography.DarkroomProcessingLine - Processing screenshot image in /var/screenshots/screenshot-7646864878343842791
15:42:54.998 [Darkroom Processing Line] DEBUG net.serenitybdd.core.photography.DarkroomProcessingLine - Saving screenshot to target\site\serenity\4d83be2f9355118dc462dad05676888959504b48c96dc83c03aabe04c263d904.png
15:42:55.016 [Test worker] DEBUG net.thucydides.core.steps.StepInterceptor - STEP DONE: performAs
15:42:55.032 [Test worker] DEBUG net.thucydides.core.steps.StepInterceptor - STEP DONE: performAs
15:42:55.045 [Test worker] DEBUG net.thucydides.core.steps.StepInterceptor - STARTING STEP: TestIMDB_ShouldSeeDirectorNameTest.lambda$user_Should_See_The_Director_Name_Test$0 - performAs
15:42:55.838 [Test worker] DEBUG net.serenitybdd.core.photography.Darkroom - Send negative for processing for target\site\serenity\4d83be2f9355118dc462dad05676888959504b48c96dc83c03aabe04c263d904.png
15:42:55.839 [Test worker] DEBUG net.thucydides.core.steps.StepInterceptor - STEP DONE: performAs
15:42:56.746 [Test worker] DEBUG net.serenitybdd.core.photography.Darkroom - Send negative for processing for target\site\serenity\4d83be2f9355118dc462dad05676888959504b48c96dc83c03aabe04c263d904.png
15:42:56.748 [Test worker] DEBUG net.serenitybdd.screenplay.targets.IFrameSwitcher - default content already selected for Name of Director
15:42:57.679 [Test worker] DEBUG net.serenitybdd.core.photography.Darkroom - Send negative for processing for target\site\serenity\4d83be2f9355118dc462dad05676888959504b48c96dc83c03aabe04c263d904.png
]]></system-out>
  <system-err><![CDATA[Starting ChromeDriver 86.0.4240.22 (398b0743353ff36fb1b82468f63a3a93b4e2e89e-refs/branch-heads/4240@{#378}) on port 5727
Only local connections are allowed.
Please see https://chromedriver.chromium.org/security-considerations for suggestions on keeping ChromeDriver safe.
ChromeDriver was started successfully.
Oct 21, 2020 3:42:37 PM org.openqa.selenium.remote.ProtocolHandshake createSession
INFO: Detected dialect: W3C
]]></system-err>
</testsuite>
