<?xml version="1.0" encoding="UTF-8"?>
<testsuite name="com.testDemo.suite.TestSuite_Positive" tests="0" skipped="0" failures="0" errors="0" timestamp="1970-01-01T00:00:00" hostname="LIMW0144" time="0.0">
  <properties/>
  <system-out><![CDATA[15:42:31.015 [Test worker] DEBUG net.thucydides.core.util.PropertiesFileLocalPreferences - webdriver.driver=chrome
15:42:31.020 [Test worker] DEBUG net.thucydides.core.util.PropertiesFileLocalPreferences - drivers.windows.webdriver.chrome.driver=src/test/resources/drivers/v86/chromedriver.exe
15:42:31.020 [Test worker] DEBUG net.thucydides.core.util.PropertiesFileLocalPreferences - chrome.capabilities.handlesAlerts=true
15:42:31.020 [Test worker] DEBUG net.thucydides.core.util.PropertiesFileLocalPreferences - drivers.linux.webdriver.chrome.driver=src/test/resources/drivers/chromedriver.exe
15:42:31.020 [Test worker] DEBUG net.thucydides.core.util.PropertiesFileLocalPreferences - chrome.switches=--window-size=1920,1080;--test-type;--no-sandbox;--ignore-certificate-errors;\r\n--disable-popup-blocking;--disable-default-apps;--disable-extensions-file-access-check;\r\n--disable-infobars,--disable-gpu
15:42:31.021 [Test worker] DEBUG net.thucydides.core.util.PropertiesFileLocalPreferences - chrome.capabilities.acceptSslCerts=true
15:42:31.021 [Test worker] DEBUG net.thucydides.core.util.PropertiesFileLocalPreferences - serenity.project.name=VicLim4 Skeleton Automation
15:42:31.021 [Test worker] DEBUG net.thucydides.core.util.PropertiesFileLocalPreferences - drivers.mac.webdriver.chrome.driver=src/test/resources/drivers/chromedriver.exe
15:42:31.021 [Test worker] DEBUG net.thucydides.core.util.PropertiesFileLocalPreferences - headless.mode=true
15:42:31.105 [Test worker] DEBUG net.thucydides.core.util.PropertiesFileLocalPreferences - webdriver.driver=chrome
15:42:31.106 [Test worker] DEBUG net.thucydides.core.util.PropertiesFileLocalPreferences - drivers.windows.webdriver.chrome.driver=src/test/resources/drivers/v86/chromedriver.exe
15:42:31.106 [Test worker] DEBUG net.thucydides.core.util.PropertiesFileLocalPreferences - chrome.capabilities.handlesAlerts=true
15:42:31.107 [Test worker] DEBUG net.thucydides.core.util.PropertiesFileLocalPreferences - drivers.linux.webdriver.chrome.driver=src/test/resources/drivers/chromedriver.exe
15:42:31.107 [Test worker] DEBUG net.thucydides.core.util.PropertiesFileLocalPreferences - chrome.switches=--window-size=1920,1080;--test-type;--no-sandbox;--ignore-certificate-errors;\r\n--disable-popup-blocking;--disable-default-apps;--disable-extensions-file-access-check;\r\n--disable-infobars,--disable-gpu
15:42:31.108 [Test worker] DEBUG net.thucydides.core.util.PropertiesFileLocalPreferences - chrome.capabilities.acceptSslCerts=true
15:42:31.108 [Test worker] DEBUG net.thucydides.core.util.PropertiesFileLocalPreferences - serenity.project.name=VicLim4 Skeleton Automation
15:42:31.108 [Test worker] DEBUG net.thucydides.core.util.PropertiesFileLocalPreferences - drivers.mac.webdriver.chrome.driver=src/test/resources/drivers/chromedriver.exe
15:42:31.108 [Test worker] DEBUG net.thucydides.core.util.PropertiesFileLocalPreferences - headless.mode=true
15:42:31.533 [Test worker] INFO  - 

-------------------------------------------------------------------------------------
     _______. _______ .______       _______ .__   __.  __  .___________.____    ____ 
    /       ||   ____||   _  \     |   ____||  \ |  | |  | |           |\   \  /   / 
   |   (----`|  |__   |  |_)  |    |  |__   |   \|  | |  | `---|  |----` \   \/   /  
    \   \    |   __|  |      /     |   __|  |  . `  | |  |     |  |       \_    _/   
.----)   |   |  |____ |  |\  \----.|  |____ |  |\   | |  |     |  |         |  |     
|_______/    |_______|| _| `._____||_______||__| \__| |__|     |__|         |__|    
                                                                                     
 News and tutorials at http://www.serenity-bdd.info                                  
 Documentation at https://wakaleo.gitbooks.io/the-serenity-book/content/             
 Join the Serenity Community on Gitter: https://gitter.im/serenity-bdd/serenity-core 
 Serenity BDD Support and Training at http://serenity-bdd.info/#/trainingandsupport  
-------------------------------------------------------------------------------------

15:42:57.823 [Test worker] INFO  - 
        __    _____ _____ ____ _____   ____   _    ____  ____  _____ ____  
  _     \ \  |_   _| ____/ ___|_   _| |  _ \ / \  / ___|/ ___|| ____|  _ \ 
 (_)_____| |   | | |  _| \___ \ | |   | |_) / _ \ \___ \\___ \|  _| | | | |
  _|_____| |   | | | |___ ___) || |   |  __/ ___ \ ___) |___) | |___| |_| |
 (_)     | |   |_| |_____|____/ |_|   |_| /_/   \_\____/|____/|_____|____/ 
        /_/                                                                

User should see the director name test
----------------------------------------------------------------------------
15:42:57.824 [Test worker] DEBUG net.serenitybdd.core.photography.Darkroom - Closing darkroom
15:42:57.825 [Darkroom Processing Line] DEBUG net.serenitybdd.core.photography.DarkroomProcessingLine - Darkroom processing line shutting down
15:42:58.459 [Test worker] DEBUG net.thucydides.core.reports.ReportService - Reporting formats: [JSON, HTML]
15:42:58.581 [Test worker] DEBUG net.thucydides.core.reports.ReportService - Reporting formats: [JSON, HTML]
15:42:58.591 [Test worker] DEBUG net.thucydides.core.reports.ReportService - Generating reports for 1 test outcomes using: net.thucydides.core.reports.json.JSONTestOutcomeReporter@8afadc9
15:42:58.592 [pool-1-thread-1] DEBUG net.thucydides.core.reports.ReportService - Processing test outcome Test IMDB should see director name test:user_Should_See_The_Director_Name_Test
15:42:58.592 [pool-1-thread-1] DEBUG net.thucydides.core.reports.ReportService - net.thucydides.core.reports.json.JSONTestOutcomeReporter@8afadc9: Generating report for test outcome: Test IMDB should see director name test:user_Should_See_The_Director_Name_Test
15:42:58.596 [pool-1-thread-1] DEBUG net.thucydides.core.reports.json.JSONTestOutcomeReporter - Generating JSON report for User should see the director name test to file C:\GIT\Vic_Selenium\Skeleon_Test\target\site\serenity\d59843c987984040330bcfc8765c3f2458ec577e3fb5d2c98d2080359ab86f24.json (using temp file C:\GIT\Vic_Selenium\Skeleon_Test\target\site\serenity\d59843c987984040330bcfc8765c3f2458ec577e3fb5d2c98d2080359ab86f24.json543da258-3d85-44b2-9a71-4cffe31cc62c)
15:42:58.629 [pool-1-thread-1] DEBUG net.thucydides.core.reports.ReportService - Processing test outcome Test IMDB should see director name test:user_Should_See_The_Director_Name_Test done
15:42:58.629 [Test worker] DEBUG net.thucydides.core.reports.ReportService - Shutting down executor service
15:42:58.629 [Test worker] DEBUG net.thucydides.core.reports.ReportService - Reports generated in: 38 ms
15:42:58.629 [Test worker] DEBUG net.thucydides.core.reports.ReportService - Generating reports for 1 test outcomes using: net.thucydides.core.reports.html.HtmlAcceptanceTestReporter@416c34e5
15:42:58.630 [pool-2-thread-1] DEBUG net.thucydides.core.reports.ReportService - Processing test outcome Test IMDB should see director name test:user_Should_See_The_Director_Name_Test
15:42:58.630 [pool-2-thread-1] DEBUG net.thucydides.core.reports.ReportService - net.thucydides.core.reports.html.HtmlAcceptanceTestReporter@416c34e5: Generating report for test outcome: Test IMDB should see director name test:user_Should_See_The_Director_Name_Test
15:42:58.630 [pool-2-thread-1] DEBUG net.thucydides.core.reports.html.HtmlAcceptanceTestReporter - GENERATE TEST OUTCOME REPORT FOR user_Should_See_The_Director_Name_Test in d59843c987984040330bcfc8765c3f2458ec577e3fb5d2c98d2080359ab86f24
15:42:58.639 [pool-2-thread-1] DEBUG net.thucydides.core.requirements.RequirementsTagProvider -  found:[]
15:42:58.645 [pool-2-thread-1] DEBUG net.thucydides.core.requirements.RequirementsTagProvider -  found:[]
15:42:58.656 [pool-2-thread-1] DEBUG net.thucydides.core.requirements.RequirementsTagProvider -  found:[]
15:42:58.657 [pool-2-thread-1] DEBUG net.thucydides.core.requirements.RequirementsTagProvider -  found:[]
15:42:58.659 [pool-2-thread-1] DEBUG net.thucydides.core.reports.html.HtmlAcceptanceTestReporter - Generating report in d59843c987984040330bcfc8765c3f2458ec577e3fb5d2c98d2080359ab86f24_screenshots.html
15:42:59.054 [pool-2-thread-1] DEBUG net.thucydides.core.reports.html.HtmlAcceptanceTestReporter - Generated report d59843c987984040330bcfc8765c3f2458ec577e3fb5d2c98d2080359ab86f24_screenshots.html in 395 ms
15:42:59.055 [pool-2-thread-1] DEBUG net.thucydides.core.reports.html.HtmlAcceptanceTestReporter - GENERATING HTML REPORT FOR Test IMDB should see director name test:user_Should_See_The_Director_Name_Test in d59843c987984040330bcfc8765c3f2458ec577e3fb5d2c98d2080359ab86f24.html in directory target\site\serenity  
15:43:00.496 [pool-2-thread-1] DEBUG net.thucydides.core.reports.html.HtmlAcceptanceTestReporter - Generating report in d59843c987984040330bcfc8765c3f2458ec577e3fb5d2c98d2080359ab86f24.html
15:43:00.665 [pool-2-thread-1] DEBUG net.thucydides.core.reports.html.HtmlAcceptanceTestReporter - Generated report d59843c987984040330bcfc8765c3f2458ec577e3fb5d2c98d2080359ab86f24.html in 169 ms
15:43:00.665 [pool-2-thread-1] DEBUG net.thucydides.core.reports.ReportService - Processing test outcome Test IMDB should see director name test:user_Should_See_The_Director_Name_Test done
15:43:00.665 [Test worker] DEBUG net.thucydides.core.reports.ReportService - Shutting down executor service
15:43:00.665 [Test worker] DEBUG net.thucydides.core.reports.ReportService - Reports generated in: 2036 ms
15:43:00.745 [Test worker] DEBUG net.thucydides.core.reports.ReportService - Generating report for configuration
]]></system-out>
  <system-err><![CDATA[]]></system-err>
</testsuite>
